100 444.355
0 0 225 43 33 0
1 379 97 65 37 0
10 293 134 52 18 0
11 95 237 59 39 0
12 244 202 61 28 0
13 114 119 57 48 0
14 173 396 63 43 0
15 379 134 59 52 0
16 208 182 36 57 0
17 376 294 66 44 0
18 192 62 48 51 0
19 305 55 31 50 0
2 384 0 53 34 0
20 355 187 19 37 0
21 0 41 50 64 0
22 115 369 34 49 0
23 163 294 49 20 0
24 236 394 28 45 0
25 154 177 54 39 0
26 305 0 40 55 0
27 265 0 25 65 0
28 208 355 46 39 0
29 111 418 62 24 0
3 273 309 37 67 0
30 336 105 24 26 0
31 0 199 34 26 0
32 101 194 53 43 0
33 208 160 35 22 0
34 0 336 54 27 0
35 57 260 31 38 0
36 76 336 39 67 0
37 228 248 20 60 0
38 54 403 57 23 0
39 308 380 52 55 0
4 154 240 29 19 0
40 154 259 29 26 0
41 99 167 55 27 0
42 145 0 53 62 0
43 212 309 61 46 0
44 377 186 65 47 0
45 264 376 44 23 0
46 293 112 39 22 0
47 175 331 33 65 0
48 0 277 57 27 0
49 240 65 65 47 0
5 345 0 39 49 0
50 0 304 67 32 0
51 42 166 57 38 0
52 183 240 45 54 0
53 244 178 43 21 0
54 244 230 61 18 0
55 328 324 34 56 0
56 149 314 63 17 0
57 0 363 47 18 0
58 398 338 46 34 0
59 360 380 37 50 0
6 310 304 18 40 0
60 398 372 23 40 0
61 67 313 33 23 0
62 360 105 19 60 0
63 91 50 36 45 0
64 98 0 47 50 0
65 0 105 57 56 0
66 198 0 67 61 0
67 310 202 44 40 0
68 392 34 52 63 0
69 0 414 54 27 0
7 310 242 40 22 0
70 264 399 42 42 0
71 54 336 22 64 0
72 248 248 61 61 0
73 377 233 67 61 0
74 0 161 42 38 0
75 144 285 19 28 0
76 355 224 22 33 0
77 57 100 57 66 0
78 362 338 36 32 0
79 38 0 60 41 0
8 293 152 62 50 0
80 171 119 16 58 0
81 336 55 40 50 0
82 187 113 57 47 0
83 355 165 16 22 0
84 114 97 67 22 0
85 328 304 25 20 0
86 88 276 56 37 0
87 51 221 44 39 0
88 154 216 37 24 0
89 0 0 38 27 0
9 376 49 16 41 0
90 0 381 39 33 0
91 115 313 33 56 0
92 149 331 26 16 0
93 127 62 65 35 0
94 50 41 41 59 0
95 0 258 51 19 0
96 310 264 66 40 0
97 34 204 67 17 0
98 149 347 22 62 0
99 244 112 49 66 0
