200 449.5
0 178 254 36 16 0
1 175 78 19 39 0
10 228 320 45 32 0
100 71 244 25 27 0
101 137 0 40 48 0
102 84 212 38 25 0
103 52 212 32 32 0
104 96 237 25 36 0
105 163 276 42 31 0
106 192 404 34 39 0
107 284 82 45 16 0
108 39 366 12 33 0
109 176 361 12 22 0
11 340 323 36 14 0
110 258 209 44 23 0
111 143 427 13 18 0
112 285 145 46 18 0
113 356 61 43 28 0
114 65 362 39 19 0
115 309 339 37 30 0
116 369 122 42 37 0
117 340 402 24 37 0
118 405 400 39 35 0
119 15 375 24 36 0
12 249 123 36 42 0
120 119 298 15 45 0
121 212 47 45 32 0
122 169 48 43 30 0
123 66 381 35 13 0
124 161 343 13 39 0
125 323 286 28 18 0
126 246 352 28 38 0
127 224 352 22 24 0
128 303 46 25 36 0
129 223 0 46 44 0
13 343 176 45 48 0
130 314 0 44 45 0
131 0 324 36 20 0
132 406 369 38 16 0
133 126 398 14 12 0
134 388 339 16 29 0
135 256 431 37 15 0
136 364 430 24 19 0
137 156 258 22 18 0
138 21 344 30 22 0
139 86 175 31 33 0
14 405 385 25 15 0
140 214 257 12 16 0
141 33 292 34 25 0
142 0 212 27 46 0
143 93 0 44 46 0
144 343 224 29 25 0
145 403 48 45 34 0
146 365 89 34 33 0
147 66 394 31 12 0
148 205 189 25 17 0
149 292 272 22 22 0
15 269 0 45 46 0
150 293 431 30 13 0
151 67 292 27 16 0
152 308 112 33 33 0
153 165 190 40 12 0
154 242 79 42 44 0
155 292 236 13 12 0
156 0 105 42 19 0
157 373 266 12 42 0
158 373 249 28 17 0
159 292 248 36 24 0
16 210 317 18 22 0
160 126 415 36 12 0
161 309 320 31 19 0
162 376 327 30 12 0
163 177 0 46 47 0
164 329 79 27 32 0
165 48 82 41 33 0
166 331 145 12 36 0
167 51 336 14 47 0
168 61 175 25 37 0
169 47 0 46 28 0
17 328 369 26 33 0
170 226 390 45 22 0
171 46 48 35 34 0
172 224 123 25 31 0
173 411 117 22 42 0
174 302 216 25 20 0
175 323 304 34 12 0
176 156 427 20 16 0
177 0 344 21 31 0
178 285 163 20 16 0
179 16 171 45 41 0
18 328 45 19 34 0
180 185 206 21 19 0
181 232 257 15 42 0
182 257 44 12 33 0
183 357 286 16 37 0
184 92 420 19 20 0
185 110 343 44 13 0
186 117 198 48 13 0
187 70 406 22 24 0
188 122 211 24 40 0
189 141 356 20 31 0
19 226 412 30 12 0
190 0 124 34 37 0
191 104 356 37 42 0
192 273 320 22 28 0
193 89 81 43 42 0
194 174 147 43 42 0
195 188 361 36 25 0
196 209 301 39 16 0
197 0 411 47 35 0
198 0 258 22 40 0
199 127 123 40 34 0
2 302 181 41 35 0
20 146 157 28 33 0
21 410 270 39 44 0
22 343 137 26 39 0
23 94 273 25 40 0
24 385 312 25 15 0
25 410 333 36 36 0
26 42 115 43 25 0
27 0 375 15 34 0
28 0 48 46 38 0
29 274 348 12 37 0
3 146 211 18 47 0
30 388 395 17 27 0
31 248 165 37 16 0
32 154 311 23 32 0
33 174 343 36 18 0
34 73 308 19 38 0
35 51 383 15 33 0
36 205 273 12 28 0
37 121 251 21 16 0
38 0 298 33 26 0
39 388 159 42 30 0
4 291 294 32 26 0
40 118 157 28 41 0
41 0 161 16 16 0
42 74 156 44 19 0
43 354 339 34 40 0
44 65 346 27 16 0
45 162 382 14 37 0
46 56 244 15 48 0
47 47 416 23 14 0
48 341 111 24 26 0
49 34 140 40 31 0
5 121 267 35 31 0
50 85 123 42 33 0
51 194 79 48 27 0
52 167 120 37 27 0
53 323 412 17 18 0
54 354 379 43 16 0
55 385 266 13 46 0
56 101 398 25 22 0
57 0 86 48 19 0
58 256 412 41 19 0
59 401 224 46 46 0
6 134 298 29 13 0
60 418 189 30 35 0
61 269 46 34 33 0
62 328 249 45 37 0
63 403 82 15 35 0
64 0 0 47 48 0
65 388 189 30 33 0
66 217 154 31 31 0
67 358 24 44 37 0
68 364 395 24 35 0
69 410 314 38 19 0
7 141 387 21 28 0
70 295 320 14 36 0
71 81 46 42 34 0
72 22 258 34 33 0
73 92 313 18 38 0
74 192 386 29 18 0
75 285 98 23 27 0
76 217 289 14 12 0
77 176 386 16 24 0
78 132 94 43 26 0
79 286 369 37 19 0
8 111 427 32 15 0
80 308 98 15 14 0
81 177 307 32 20 0
82 259 232 33 32 0
83 36 317 37 19 0
84 248 283 43 37 0
85 403 0 37 48 0
86 206 206 24 24 0
87 247 264 45 19 0
88 230 185 28 43 0
89 123 46 12 35 0
9 135 48 34 46 0
90 358 0 45 24 0
91 258 181 44 28 0
92 286 388 42 24 0
93 164 211 21 43 0
94 217 273 15 16 0
95 27 212 25 36 0
96 214 232 45 25 0
97 372 224 28 25 0
98 177 327 26 16 0
99 204 106 20 37 0
