200 419.161
0 319 376 36 16 0
1 373 117 19 39 0
10 32 133 45 32 0
100 361 0 27 25 0
101 76 208 48 40 0
102 281 412 38 25 0
103 264 266 32 32 0
104 221 193 36 25 0
105 45 165 31 42 0
106 299 220 39 34 0
107 283 298 16 45 0
108 161 251 33 12 0
109 239 243 12 22 0
11 0 371 36 14 0
110 161 302 44 23 0
111 149 155 18 13 0
112 168 102 46 18 0
113 373 220 43 28 0
114 319 420 39 19 0
115 388 52 30 37 0
116 293 158 37 42 0
117 351 44 37 24 0
118 186 162 35 39 0
119 257 196 36 24 0
12 79 47 42 36 0
120 194 246 45 15 0
121 182 201 32 45 0
122 103 248 43 30 0
123 326 0 35 13 0
124 0 410 39 13 0
125 206 261 28 18 0
126 299 254 38 28 0
127 237 416 24 22 0
128 326 83 25 36 0
129 201 42 46 44 0
13 153 0 48 45 0
130 373 176 45 44 0
131 45 383 20 36 0
132 319 404 38 16 0
133 239 300 14 12 0
134 121 421 29 16 0
135 293 143 37 15 0
136 299 341 19 24 0
137 351 95 18 22 0
138 149 184 30 22 0
139 208 382 33 31 0
14 29 189 15 25 0
140 201 86 12 16 0
141 239 266 25 34 0
142 31 106 46 27 0
143 122 84 46 44 0
144 0 189 29 25 0
145 75 357 34 45 0
146 340 206 33 34 0
147 0 106 31 12 0
148 183 45 17 25 0
149 326 25 22 22 0
15 373 296 46 45 0
150 340 193 30 13 0
151 293 98 27 16 0
152 38 319 33 33 0
153 109 399 12 40 0
154 170 120 44 42 0
155 168 45 13 12 0
156 72 294 42 19 0
157 247 41 42 12 0
158 84 313 28 17 0
159 0 275 36 24 0
16 124 199 22 18 0
160 72 282 36 12 0
161 72 263 31 19 0
162 326 13 30 12 0
163 251 220 47 46 0
164 351 68 32 27 0
165 37 72 41 33 0
166 112 343 36 12 0
167 0 299 47 14 0
168 214 218 37 25 0
169 0 34 46 28 0
17 206 279 33 26 0
170 161 325 45 22 0
171 319 341 34 35 0
172 124 217 25 31 0
173 395 89 22 42 0
174 274 343 25 20 0
175 149 312 12 34 0
176 112 313 20 16 0
177 388 0 31 21 0
178 261 416 20 16 0
179 244 0 45 41 0
18 326 119 34 19 0
180 82 0 21 19 0
181 146 251 15 42 0
182 319 392 33 12 0
183 149 168 37 16 0
184 373 156 19 20 0
185 237 369 44 13 0
186 22 230 48 13 0
187 0 230 22 24 0
188 77 110 40 24 0
189 358 389 20 31 0
19 340 181 30 12 0
190 214 86 37 34 0
191 66 402 42 37 0
192 121 399 28 22 0
193 201 0 43 42 0
194 214 120 43 42 0
195 150 412 36 25 0
196 149 347 39 16 0
197 281 365 35 47 0
198 330 138 40 22 0
199 0 0 40 34 0
2 149 377 41 35 0
20 168 71 33 28 0
21 161 263 44 39 0
22 12 332 26 39 0
23 109 374 40 25 0
24 47 304 25 15 0
25 257 140 36 36 0
26 258 300 25 43 0
27 38 352 34 15 0
28 121 46 46 38 0
29 206 305 12 37 0
3 114 294 47 18 0
30 132 171 17 27 0
31 38 367 37 16 0
32 44 207 32 23 0
33 358 420 36 18 0
34 239 329 19 38 0
35 64 34 15 33 0
36 120 171 12 28 0
37 114 278 21 16 0
38 293 72 33 26 0
39 378 385 42 30 0
4 0 139 32 26 0
40 299 313 41 28 0
41 132 155 16 16 0
42 401 341 19 44 0
43 241 382 40 34 0
44 293 114 27 16 0
45 149 363 37 14 0
46 358 341 15 48 0
47 0 423 23 14 0
48 186 413 24 26 0
49 299 282 40 31 0
5 221 162 35 31 0
50 251 77 42 33 0
51 122 128 48 27 0
52 75 330 37 27 0
53 239 312 18 17 0
54 23 423 43 16 0
55 22 243 46 13 0
56 370 95 25 22 0
57 47 256 19 48 0
58 218 305 19 41 0
59 107 0 46 46 0
6 293 130 29 13 0
60 257 110 35 30 0
61 340 273 33 34 0
62 77 134 45 37 0
63 68 248 35 15 0
64 373 248 47 48 0
65 149 221 33 30 0
66 388 21 31 31 0
67 0 62 37 44 0
68 289 0 35 24 0
69 0 313 38 19 0
7 0 118 28 21 0
70 112 329 36 14 0
71 40 0 42 34 0
72 340 307 33 34 0
73 46 34 18 38 0
74 190 381 18 29 0
75 210 413 27 23 0
76 72 313 12 14 0
77 0 214 24 16 0
78 79 84 43 26 0
79 112 355 37 19 0
8 149 206 32 15 0
80 168 57 15 14 0
81 257 176 32 20 0
82 340 240 32 33 0
83 351 25 37 19 0
84 77 171 43 37 0
85 289 24 37 48 0
86 394 415 24 24 0
87 0 256 45 19 0
88 392 131 28 43 0
89 0 332 12 35 0
9 190 347 46 34 0
90 0 165 45 24 0
91 373 341 28 44 0
92 247 53 42 24 0
93 330 160 43 21 0
94 29 214 15 16 0
95 326 47 25 36 0
96 0 385 45 25 0
97 82 19 25 28 0
98 258 343 16 26 0
99 293 200 37 20 0
