200 439.62
0 257 121 36 16 0
1 397 46 39 19 0
10 42 82 45 32 0
100 79 414 27 25 0
101 143 0 48 40 0
102 216 358 25 38 0
103 64 267 32 32 0
104 114 50 36 25 0
105 327 315 31 42 0
106 124 373 39 34 0
107 0 317 45 16 0
108 109 413 33 12 0
109 79 221 22 12 0
11 35 252 36 14 0
110 0 168 44 23 0
111 25 388 18 13 0
112 71 249 46 18 0
113 392 318 43 28 0
114 91 339 19 39 0
115 275 406 37 30 0
116 150 40 42 37 0
117 333 218 24 37 0
118 261 86 39 35 0
119 178 77 24 36 0
12 291 223 42 36 0
120 69 60 45 15 0
121 0 44 45 32 0
122 156 141 43 30 0
123 393 109 35 13 0
124 43 389 39 13 0
125 331 296 28 18 0
126 118 153 38 28 0
127 0 218 22 24 0
128 188 113 36 25 0
129 341 390 44 46 0
13 293 357 48 45 0
130 0 0 45 44 0
131 173 229 20 36 0
132 356 186 38 16 0
133 315 75 14 12 0
134 359 277 29 16 0
135 260 357 15 37 0
136 93 36 19 24 0
137 142 409 22 18 0
138 182 271 22 30 0
139 359 293 33 31 0
14 0 389 25 15 0
140 96 267 12 16 0
141 226 238 34 25 0
142 0 191 46 27 0
143 269 42 46 44 0
144 236 81 25 29 0
145 46 114 45 34 0
146 46 181 33 34 0
147 78 402 31 12 0
148 93 19 25 17 0
149 356 164 22 22 0
15 385 383 45 46 0
150 0 404 30 13 0
151 78 233 27 16 0
152 315 42 33 33 0
153 79 181 12 40 0
154 304 133 44 42 0
155 297 278 12 13 0
156 357 202 19 42 0
157 193 229 12 42 0
158 171 113 17 28 0
159 356 84 36 24 0
16 204 271 22 18 0
160 121 287 36 12 0
161 205 174 31 19 0
162 250 208 30 12 0
163 382 0 47 46 0
164 91 153 27 32 0
165 236 40 33 41 0
166 124 361 36 12 0
167 44 148 47 14 0
168 356 108 37 25 0
169 0 114 46 28 0
17 278 137 26 33 0
170 0 417 45 22 0
171 202 74 34 35 0
172 118 19 25 31 0
173 376 202 42 22 0
174 291 195 20 25 0
175 199 138 12 34 0
176 312 402 20 16 0
177 0 358 21 31 0
178 195 358 20 16 0
179 392 277 45 41 0
18 45 415 34 19 0
180 154 242 19 21 0
181 260 394 15 42 0
182 356 152 33 12 0
183 418 192 16 37 0
184 297 259 20 19 0
185 111 369 13 44 0
186 30 402 48 13 0
187 45 60 24 22 0
188 267 220 24 40 0
189 0 297 31 20 0
19 110 339 12 30 0
190 244 140 34 37 0
191 394 155 42 37 0
192 229 263 28 22 0
193 315 0 43 42 0
194 272 0 43 42 0
195 121 299 25 36 0
196 250 316 39 16 0
197 191 0 47 35 0
198 146 339 40 22 0
199 238 0 34 40 0
2 376 224 35 41 0
20 87 75 28 33 0
21 192 35 44 39 0
22 0 142 39 26 0
23 157 265 25 40 0
24 96 287 25 15 0
25 261 260 36 36 0
26 204 289 25 43 0
27 101 185 34 15 0
28 117 107 38 46 0
29 374 265 37 12 0
3 275 359 18 47 0
30 276 332 17 27 0
31 420 65 16 37 0
32 397 65 23 32 0
33 277 177 36 18 0
34 293 296 38 19 0
35 359 244 15 33 0
36 142 427 28 12 0
37 195 374 21 16 0
38 341 357 26 33 0
39 136 77 42 30 0
4 205 193 32 26 0
40 350 42 28 41 0
41 155 107 16 16 0
42 46 162 44 19 0
43 293 315 34 40 0
44 234 300 27 16 0
45 45 307 14 37 0
46 313 175 15 48 0
47 167 190 23 14 0
48 210 332 24 26 0
49 237 177 40 31 0
5 56 358 35 31 0
50 394 122 42 33 0
51 163 361 27 48 0
52 324 259 27 37 0
53 250 220 17 18 0
54 241 394 16 43 0
55 45 47 46 13 0
56 170 409 25 22 0
57 93 0 48 19 0
58 45 266 19 41 0
59 304 87 46 46 0
6 82 389 29 13 0
60 21 358 35 30 0
61 22 218 33 34 0
62 117 242 37 45 0
63 241 342 35 15 0
64 45 0 48 47 0
65 224 110 33 30 0
66 359 324 31 31 0
67 195 396 44 37 0
68 0 252 35 24 0
69 378 46 19 38 0
7 115 75 21 28 0
70 59 307 14 36 0
71 0 76 42 34 0
72 211 140 33 34 0
73 167 172 38 18 0
74 205 238 18 29 0
75 55 215 23 27 0
76 397 97 14 12 0
77 186 339 24 16 0
78 91 108 26 43 0
79 356 133 37 19 0
8 229 285 32 15 0
80 59 343 14 15 0
81 261 296 32 20 0
82 135 181 32 33 0
83 241 357 19 37 0
84 392 346 43 37 0
85 73 302 48 37 0
86 122 335 24 24 0
87 205 219 45 19 0
88 328 175 28 43 0
89 192 301 12 35 0
9 146 305 46 34 0
90 411 229 24 45 0
91 125 214 44 28 0
92 358 0 24 42 0
93 0 276 43 21 0
94 309 278 15 16 0
95 169 204 36 25 0
96 0 333 45 25 0
97 367 355 25 28 0
98 234 316 16 26 0
99 105 200 20 37 0
