100 423.676
0 378 197 43 33 0
1 248 204 37 65 0
10 200 0 18 52 0
11 206 311 59 39 0
12 178 270 28 61 0
13 364 0 57 48 0
14 0 214 63 43 0
15 336 128 59 52 0
16 127 74 57 36 0
17 248 160 66 44 0
18 248 88 51 48 0
19 0 314 50 31 0
2 120 306 53 34 0
20 378 230 37 19 0
21 314 222 64 50 0
22 367 402 49 34 0
23 302 348 20 49 0
24 285 204 28 45 0
25 369 88 54 39 0
26 69 257 55 40 0
27 314 272 65 25 0
28 0 257 46 39 0
29 248 136 62 24 0
3 67 0 67 37 0
30 310 128 26 24 0
31 194 402 26 34 0
32 135 156 53 43 0
33 120 340 22 35 0
34 395 127 27 54 0
35 82 381 38 31 0
36 300 397 67 39 0
37 50 297 20 60 0
38 82 414 57 23 0
39 27 384 55 52 0
4 218 28 19 29 0
40 285 249 29 26 0
41 175 331 27 55 0
42 135 199 53 62 0
43 127 110 61 46 0
44 61 37 65 47 0
45 379 249 44 23 0
46 120 375 22 39 0
47 237 55 65 33 0
48 188 213 27 57 0
49 69 210 65 47 0
5 0 345 49 39 0
50 0 0 67 32 0
51 40 148 38 57 0
52 124 261 54 45 0
53 379 272 43 21 0
54 302 22 61 18 0
55 367 331 56 34 0
56 237 16 63 17 0
57 78 145 47 18 0
58 327 297 46 34 0
59 70 344 50 37 0
6 0 296 40 18 0
60 46 257 23 40 0
61 281 275 33 23 0
62 188 96 60 19 0
63 220 402 45 36 0
64 70 297 50 47 0
65 188 115 56 57 0
66 302 67 67 61 0
67 327 331 40 44 0
68 202 350 63 52 0
69 302 40 54 27 0
7 327 375 40 22 0
70 336 180 42 42 0
71 237 33 64 22 0
72 66 84 61 61 0
73 0 32 61 67 0
74 379 293 42 38 0
75 218 0 19 28 0
76 142 415 33 22 0
77 134 0 66 57 0
78 142 379 32 36 0
79 188 172 60 41 0
8 265 298 62 50 0
80 237 0 58 16 0
81 369 48 50 40 0
82 78 163 57 47 0
83 0 384 22 16 0
84 314 152 22 67 0
85 50 357 20 25 0
86 367 365 56 37 0
87 193 57 44 39 0
88 265 348 37 24 0
89 0 400 27 38 0
9 378 181 41 16 0
90 142 340 33 39 0
91 215 213 33 56 0
92 265 269 16 26 0
93 265 372 35 65 0
94 206 270 59 41 0
95 175 386 19 51 0
96 0 148 40 66 0
97 126 57 67 17 0
98 302 0 62 22 0
99 0 99 66 49 0
