100 454.341
0 52 113 33 43 0
1 265 123 65 37 0
10 78 358 52 18 0
11 320 48 59 39 0
12 173 281 28 61 0
13 142 113 48 57 0
14 331 128 63 43 0
15 394 111 52 59 0
16 257 343 36 57 0
17 254 79 66 44 0
18 316 0 51 48 0
19 173 250 50 31 0
2 223 323 34 53 0
20 189 170 19 37 0
21 0 49 64 50 0
22 351 405 34 49 0
23 297 286 49 20 0
24 311 349 28 45 0
25 280 160 39 54 0
26 223 241 55 40 0
27 184 67 65 25 0
28 95 250 39 46 0
29 0 302 62 24 0
3 217 92 37 67 0
30 279 400 26 24 0
31 27 360 34 26 0
32 129 207 53 43 0
33 419 221 22 35 0
34 0 326 27 54 0
35 354 232 38 31 0
36 210 0 39 67 0
37 190 0 20 60 0
38 0 236 23 57 0
39 64 61 55 52 0
4 223 304 29 19 0
40 123 396 29 26 0
41 308 394 27 55 0
42 354 263 62 53 0
43 346 171 46 61 0
44 249 0 65 47 0
45 213 376 44 23 0
46 101 376 22 39 0
47 0 203 65 33 0
48 190 92 27 57 0
49 119 66 65 47 0
5 134 250 39 49 0
50 249 47 67 32 0
51 76 169 57 38 0
52 128 299 45 54 0
53 333 306 21 43 0
54 223 286 61 18 0
55 339 349 34 56 0
56 187 433 63 17 0
57 293 327 18 47 0
58 196 399 46 34 0
59 163 353 50 37 0
6 61 376 40 18 0
60 257 304 40 23 0
61 130 353 33 23 0
62 127 430 60 19 0
63 278 241 36 45 0
64 392 171 47 50 0
65 85 113 57 56 0
66 373 316 67 61 0
67 152 390 44 40 0
68 0 99 52 63 0
69 0 380 27 54 0
7 311 306 22 40 0
70 65 207 42 42 0
71 201 281 22 64 0
72 379 0 61 61 0
73 66 0 67 61 0
74 385 377 42 38 0
75 99 422 28 19 0
76 107 207 22 33 0
77 133 0 57 66 0
78 63 249 32 36 0
79 16 162 60 41 0
8 389 61 62 50 0
80 250 424 58 16 0
81 49 394 50 40 0
82 208 159 57 47 0
83 335 405 16 22 0
84 27 386 22 67 0
85 123 376 25 20 0
86 133 170 56 37 0
87 62 302 44 39 0
88 242 400 37 24 0
89 392 221 27 38 0
9 0 162 16 41 0
90 182 207 33 39 0
91 416 259 33 56 0
92 257 327 26 16 0
93 215 206 65 35 0
94 330 87 59 41 0
95 27 341 51 19 0
96 23 236 40 66 0
97 314 214 17 67 0
98 106 296 22 62 0
99 0 0 66 49 0
