300 548.167
0 286 483 15 27 0
1 180 353 16 27 0
10 150 459 31 15 0
100 453 122 45 44 0
101 298 299 36 30 0
102 508 330 36 40 0
103 303 147 34 34 0
104 182 308 42 14 0
105 513 295 33 35 0
106 399 456 12 33 0
107 299 419 32 15 0
108 490 433 38 37 0
109 500 150 46 42 0
11 36 342 41 24 0
110 127 38 39 42 0
111 33 368 21 13 0
112 318 117 25 30 0
113 135 371 24 36 0
114 409 120 44 34 0
115 221 145 34 22 0
116 48 509 28 19 0
117 262 434 39 21 0
118 450 36 38 44 0
119 132 511 45 28 0
12 331 419 19 17 0
120 425 498 36 36 0
121 79 193 38 34 0
122 310 181 43 20 0
123 0 289 36 23 0
124 351 508 31 35 0
125 372 0 46 42 0
126 178 260 22 12 0
127 185 235 43 25 0
128 76 282 28 44 0
129 338 0 34 22 0
13 0 515 48 33 0
130 244 211 30 26 0
131 448 275 48 45 0
132 48 528 39 18 0
133 130 458 15 43 0
134 271 112 47 34 0
135 82 70 45 15 0
136 274 405 37 12 0
137 274 255 28 21 0
138 334 276 28 42 0
139 259 276 37 36 0
14 57 141 44 21 0
140 388 388 12 43 0
141 196 353 45 19 0
142 241 351 37 27 0
143 156 344 24 25 0
144 70 327 40 15 0
145 429 320 45 13 0
146 376 120 33 48 0
147 78 404 42 30 0
148 320 0 18 20 0
149 0 80 22 47 0
15 377 256 34 15 0
150 462 374 31 23 0
151 382 508 42 18 0
152 57 84 19 16 0
153 215 80 41 30 0
154 224 302 22 17 0
155 28 312 25 14 0
156 256 417 28 16 0
157 152 414 20 25 0
158 156 331 23 13 0
159 222 167 32 44 0
16 453 80 45 42 0
160 136 407 16 27 0
161 171 0 47 46 0
162 184 380 31 18 0
163 102 24 22 33 0
164 137 282 41 36 0
165 254 188 21 17 0
166 99 367 36 34 0
167 376 84 37 36 0
168 420 378 41 24 0
169 508 370 39 24 0
17 147 139 41 37 0
170 362 276 29 45 0
171 137 260 40 22 0
172 259 237 13 27 0
173 224 319 25 32 0
174 434 333 16 43 0
175 284 417 15 16 0
176 301 79 38 33 0
177 38 189 41 37 0
178 301 496 17 19 0
179 329 461 46 34 0
18 349 321 44 43 0
180 445 433 40 19 0
181 374 168 30 28 0
182 183 110 45 24 0
183 0 368 33 39 0
184 420 402 25 46 0
185 224 275 34 27 0
186 104 282 33 31 0
187 496 259 38 36 0
188 218 0 37 40 0
189 436 262 12 44 0
19 166 176 23 36 0
190 42 162 37 27 0
191 393 292 34 16 0
192 255 146 48 29 0
193 318 496 17 33 0
194 243 418 13 28 0
195 172 412 13 33 0
196 57 100 41 41 0
197 301 459 28 37 0
198 431 36 19 48 0
199 0 212 36 31 0
2 474 320 22 26 0
20 254 175 17 13 0
200 0 43 43 37 0
201 220 518 26 29 0
202 400 338 34 39 0
203 100 434 15 28 0
204 357 196 41 33 0
205 163 490 15 21 0
206 411 456 35 42 0
207 463 346 33 28 0
208 400 429 20 27 0
209 325 22 45 36 0
21 0 312 28 44 0
210 461 485 24 13 0
211 301 515 16 12 0
212 265 483 21 42 0
213 150 445 32 14 0
214 496 295 17 27 0
215 25 423 21 29 0
216 0 159 42 19 0
217 488 192 48 20 0
218 59 24 43 15 0
219 145 474 18 28 0
22 22 84 35 29 0
220 337 147 37 30 0
221 137 318 45 13 0
222 210 46 25 34 0
223 246 518 19 22 0
224 87 508 45 21 0
225 124 0 47 38 0
226 205 440 16 39 0
227 171 380 13 32 0
228 39 19 20 21 0
229 302 238 24 48 0
23 215 372 17 40 0
230 343 117 33 30 0
231 335 508 16 30 0
232 178 482 42 23 0
233 163 474 13 16 0
234 464 0 18 33 0
235 0 243 22 46 0
236 0 476 27 39 0
237 232 378 21 40 0
238 49 419 27 39 0
239 258 312 40 22 0
24 400 405 18 24 0
240 528 431 19 23 0
241 25 452 24 13 0
242 255 0 22 40 0
243 354 388 34 37 0
244 86 367 13 37 0
245 479 397 24 36 0
246 43 465 23 44 0
247 413 84 39 36 0
248 277 0 43 31 0
249 136 80 35 27 0
25 140 110 43 29 0
250 182 322 34 31 0
251 228 111 43 34 0
252 274 223 28 19 0
253 137 246 15 13 0
254 0 463 24 13 0
255 507 470 39 47 0
256 274 242 21 13 0
257 289 334 33 17 0
258 166 46 44 34 0
259 450 352 12 26 0
26 110 313 27 18 0
260 488 166 12 19 0
261 159 369 12 45 0
262 377 229 48 27 0
263 461 498 46 47 0
264 220 495 45 23 0
265 185 412 45 15 0
266 280 31 45 48 0
267 101 125 39 34 0
268 77 342 22 25 0
269 310 201 18 37 0
27 98 85 38 40 0
270 182 467 23 15 0
271 357 364 42 24 0
272 115 434 35 24 0
273 36 280 21 30 0
274 36 113 21 33 0
275 168 212 28 22 0
276 398 198 31 14 0
277 399 308 47 12 0
278 28 327 42 13 0
279 0 0 39 43 0
28 177 511 12 24 0
280 79 162 22 31 0
281 399 320 30 18 0
282 171 80 44 30 0
283 335 495 15 13 0
284 370 42 21 30 0
285 296 286 33 13 0
286 221 459 41 36 0
287 438 166 42 21 0
288 262 455 36 28 0
289 189 174 33 37 0
29 328 201 29 30 0
290 33 381 27 16 0
291 36 226 43 28 0
292 82 0 39 24 0
293 39 0 43 19 0
294 117 216 17 26 0
295 200 427 43 13 0
296 27 465 16 27 0
297 228 237 31 38 0
298 188 134 33 40 0
299 22 243 13 13 0
3 391 271 45 21 0
30 400 377 20 28 0
31 0 127 36 32 0
32 446 452 22 19 0
33 443 187 45 46 0
34 446 471 29 12 0
35 496 322 12 26 0
36 322 329 27 30 0
37 436 233 12 29 0
38 221 440 21 19 0
39 99 342 12 13 0
4 235 40 45 40 0
40 57 280 19 47 0
41 321 364 36 19 0
42 101 159 46 25 0
43 253 378 21 39 0
44 76 434 24 27 0
45 375 431 25 24 0
46 450 333 13 19 0
47 391 42 40 42 0
48 445 402 34 28 0
49 196 211 48 24 0
5 120 407 16 26 0
50 185 398 19 14 0
51 375 455 16 14 0
52 325 58 37 18 0
53 0 356 36 12 0
54 132 184 34 30 0
55 60 367 26 31 0
56 99 462 31 46 0
57 496 212 48 47 0
58 301 434 25 25 0
59 498 47 38 47 0
6 79 227 38 27 0
60 204 505 16 39 0
61 256 80 45 31 0
62 178 272 46 36 0
63 418 0 46 36 0
64 475 452 15 33 0
65 351 495 23 13 0
66 448 233 45 42 0
67 152 246 33 14 0
68 92 254 45 28 0
69 111 331 27 36 0
7 275 181 35 29 0
70 398 212 45 16 0
71 134 214 34 32 0
72 117 184 15 32 0
73 496 348 12 46 0
74 311 385 43 34 0
75 274 385 37 20 0
76 498 94 39 36 0
77 138 331 18 40 0
78 0 407 42 16 0
79 0 423 25 40 0
8 42 398 36 21 0
80 189 505 15 36 0
81 286 527 32 15 0
82 375 469 24 39 0
83 339 76 37 41 0
84 0 178 38 34 0
85 278 351 43 34 0
86 43 40 39 44 0
87 329 231 48 45 0
88 409 154 29 44 0
89 500 130 42 20 0
9 331 436 44 25 0
90 22 256 46 24 0
91 382 526 43 21 0
92 488 0 45 47 0
93 68 254 24 20 0
94 82 39 19 31 0
95 503 394 44 37 0
96 66 461 33 46 0
97 185 427 15 40 0
98 274 210 35 13 0
99 249 334 40 17 0
