300 522.657
0 152 419 15 27 0
1 167 236 27 16 0
10 191 76 31 15 0
100 477 87 44 45 0
101 90 90 36 30 0
102 155 127 40 36 0
103 486 495 34 34 0
104 248 413 14 42 0
105 298 0 33 35 0
106 274 494 33 12 0
107 454 155 15 32 0
108 142 520 37 38 0
109 375 118 42 46 0
11 195 142 41 24 0
110 48 82 42 39 0
111 0 222 21 13 0
112 311 373 30 25 0
113 198 475 36 24 0
114 327 193 44 34 0
115 417 136 34 22 0
116 88 421 28 19 0
117 353 75 39 21 0
118 292 335 44 38 0
119 55 228 45 28 0
12 255 516 19 17 0
120 368 302 36 36 0
121 44 155 38 34 0
122 112 127 43 20 0
123 48 257 36 23 0
124 342 386 35 31 0
125 0 47 46 42 0
126 255 458 22 12 0
127 303 231 25 43 0
128 82 182 28 44 0
129 142 498 34 22 0
13 366 417 48 33 0
130 368 514 30 26 0
131 438 284 45 48 0
132 43 432 18 39 0
133 246 398 43 15 0
134 377 380 47 34 0
135 439 189 15 45 0
136 275 110 37 12 0
137 431 15 21 28 0
138 28 379 42 28 0
139 217 27 36 37 0
14 184 308 44 21 0
140 159 462 43 12 0
141 441 495 45 19 0
142 0 531 37 27 0
143 36 345 25 24 0
144 195 127 40 15 0
145 46 69 45 13 0
146 0 89 48 33 0
147 213 527 42 30 0
148 118 478 18 20 0
149 353 0 47 22 0
15 275 153 34 15 0
150 70 384 31 23 0
151 328 273 42 18 0
152 110 203 16 19 0
153 176 34 41 30 0
154 289 397 22 17 0
155 61 365 25 14 0
156 123 498 16 28 0
157 341 507 25 20 0
158 136 446 23 13 0
159 100 226 32 44 0
16 380 338 45 42 0
160 307 471 16 27 0
161 371 197 46 47 0
162 311 398 31 18 0
163 211 453 33 22 0
164 486 266 36 41 0
165 234 495 21 17 0
166 0 122 36 34 0
167 211 417 37 36 0
168 279 231 24 41 0
169 159 474 39 24 0
17 126 90 41 37 0
170 492 0 29 45 0
171 417 189 22 40 0
172 213 499 13 27 0
173 36 122 32 25 0
174 0 463 43 16 0
175 431 0 16 15 0
176 481 431 38 33 0
177 398 520 41 37 0
178 68 538 17 19 0
179 153 202 46 34 0
18 370 259 44 43 0
180 417 268 19 40 0
181 154 308 30 28 0
182 91 20 45 24 0
183 85 478 33 39 0
184 74 292 46 25 0
185 301 308 34 27 0
186 417 158 33 31 0
187 222 64 38 36 0
188 417 96 37 40 0
189 0 174 44 12 0
19 136 459 23 36 0
190 82 155 37 27 0
191 179 537 34 16 0
192 312 96 29 48 0
193 118 445 17 33 0
194 27 219 28 13 0
195 68 505 13 33 0
196 199 202 41 41 0
197 328 245 37 28 0
198 438 265 48 19 0
199 425 371 31 36 0
2 97 533 26 22 0
20 323 453 17 13 0
200 101 384 43 37 0
201 255 533 29 26 0
202 254 288 34 39 0
203 22 479 28 15 0
204 439 526 41 33 0
205 234 512 21 15 0
206 132 236 35 42 0
207 0 498 28 33 0
208 341 469 27 20 0
209 438 332 45 36 0
21 491 222 28 44 0
210 341 527 24 13 0
211 195 115 16 12 0
212 498 180 21 42 0
213 309 144 14 32 0
214 414 477 27 17 0
215 341 96 29 21 0
216 193 375 19 42 0
217 0 261 48 20 0
218 476 222 15 43 0
219 414 459 28 18 0
22 240 183 35 29 0
220 163 376 30 37 0
221 305 36 45 13 0
222 284 533 34 25 0
223 255 494 19 22 0
224 262 413 21 45 0
225 61 440 47 38 0
226 442 477 39 16 0
227 288 284 13 32 0
228 234 475 21 20 0
229 167 91 48 24 0
23 258 212 17 40 0
230 404 308 33 30 0
231 368 540 30 16 0
232 0 408 42 23 0
233 37 494 13 16 0
234 328 227 33 18 0
235 454 213 22 46 0
236 55 189 27 39 0
237 196 181 40 21 0
238 442 450 39 27 0
239 375 96 40 22 0
24 341 489 24 18 0
240 454 92 23 19 0
241 67 407 24 13 0
242 283 416 40 22 0
243 341 117 34 37 0
244 353 62 37 13 0
245 116 421 36 24 0
246 454 111 23 44 0
247 483 307 39 36 0
248 0 432 43 31 0
249 50 478 35 27 0
25 153 166 43 29 0
250 275 122 34 31 0
251 275 168 34 43 0
252 132 203 19 28 0
253 275 97 15 13 0
254 61 352 24 13 0
255 236 112 39 47 0
256 454 187 21 13 0
257 392 22 33 17 0
258 68 121 44 34 0
259 191 64 26 12 0
26 246 380 27 18 0
260 279 272 19 12 0
261 215 100 45 12 0
262 274 506 48 27 0
263 91 44 47 46 0
264 255 471 45 23 0
265 274 352 15 45 0
266 46 0 45 48 0
267 12 0 34 39 0
268 303 274 25 22 0
269 309 188 18 37 0
27 353 22 38 40 0
270 176 64 15 23 0
271 480 529 42 24 0
272 61 317 24 35 0
273 433 234 21 30 0
274 414 414 21 33 0
275 36 317 22 28 0
276 323 417 31 14 0
277 0 0 12 47 0
278 0 281 42 13 0
279 438 411 43 39 0
28 414 447 24 12 0
280 323 431 31 22 0
281 240 212 18 30 0
282 167 417 44 30 0
283 431 43 15 13 0
284 400 0 30 21 0
285 425 338 13 33 0
286 0 331 36 41 0
287 477 180 21 42 0
288 0 372 28 36 0
289 0 294 33 37 0
29 336 308 29 30 0
290 341 453 27 16 0
291 456 368 28 43 0
292 228 317 24 39 0
293 144 376 19 43 0
294 414 494 17 26 0
295 260 84 43 13 0
296 341 540 27 16 0
297 481 464 38 31 0
298 283 438 40 33 0
299 228 304 13 13 0
3 46 48 45 21 0
30 279 211 28 20 0
31 42 281 32 36 0
32 0 479 22 19 0
33 212 243 46 45 0
34 254 0 29 12 0
35 85 517 12 26 0
36 27 189 27 30 0
37 354 417 12 29 0
38 67 420 21 19 0
39 309 176 13 12 0
4 142 336 45 40 0
40 322 506 19 47 0
41 331 0 19 36 0
42 166 283 46 25 0
43 392 39 39 21 0
44 247 356 27 24 0
45 31 232 24 25 0
46 123 540 13 19 0
47 452 0 40 42 0
48 120 308 34 28 0
49 86 336 24 48 0
5 97 517 26 16 0
50 123 526 19 14 0
51 84 256 14 16 0
52 0 156 37 18 0
53 211 361 36 12 0
54 119 147 34 30 0
55 0 235 31 26 0
56 37 510 31 46 0
57 305 49 48 47 0
58 42 407 25 25 0
59 138 41 38 47 0
6 216 0 38 27 0
60 417 229 16 39 0
61 167 252 45 31 0
62 431 56 46 36 0
63 368 478 46 36 0
64 196 166 33 15 0
65 454 200 23 13 0
66 477 45 45 42 0
67 120 294 33 14 0
68 368 450 45 28 0
69 0 186 27 36 0
7 351 338 29 35 0
70 121 278 45 16 0
71 110 336 32 34 0
72 211 329 15 32 0
73 439 514 46 12 0
74 212 373 34 43 0
75 84 272 37 20 0
76 392 60 39 36 0
77 323 466 18 40 0
78 212 288 42 16 0
79 252 327 40 25 0
8 258 252 21 36 0
80 159 447 36 15 0
81 336 338 15 32 0
82 236 159 39 24 0
83 136 0 37 41 0
84 179 499 34 38 0
85 173 0 43 34 0
86 327 154 44 39 0
87 477 132 45 48 0
88 484 387 29 44 0
89 91 0 42 20 0
9 254 12 44 25 0
90 187 329 24 46 0
91 110 182 43 21 0
92 260 37 45 47 0
93 289 373 20 24 0
94 86 317 31 19 0
95 484 343 37 44 0
96 371 164 46 33 0
97 370 244 40 15 0
98 342 373 35 13 0
99 328 291 40 17 0
