300 560.487
0 443 500 27 15 0
1 220 335 27 16 0
10 116 447 31 15 0
100 425 0 44 45 0
101 131 382 36 30 0
102 472 87 36 40 0
103 37 345 34 34 0
104 532 211 14 42 0
105 374 446 33 35 0
106 328 403 12 33 0
107 98 505 32 15 0
108 247 423 37 38 0
109 509 293 46 42 0
11 409 311 24 41 0
110 169 154 39 42 0
111 327 538 13 21 0
112 38 379 25 30 0
113 0 248 36 24 0
114 276 129 34 44 0
115 139 328 34 22 0
116 280 280 28 19 0
117 223 33 21 39 0
118 0 48 44 38 0
119 383 166 28 45 0
12 190 117 19 17 0
120 508 107 36 36 0
121 497 230 34 38 0
122 86 289 43 20 0
123 44 87 36 23 0
124 116 412 31 35 0
125 74 0 42 46 0
126 182 545 22 12 0
127 0 504 43 25 0
128 456 329 28 44 0
129 294 420 34 22 0
13 210 0 48 33 0
130 309 338 30 26 0
131 0 0 45 48 0
132 211 430 18 39 0
133 489 159 15 43 0
134 463 231 34 47 0
135 183 363 15 45 0
136 199 437 12 37 0
137 100 462 21 28 0
138 202 209 28 42 0
139 323 302 37 36 0
14 511 335 44 21 0
140 165 425 43 12 0
141 390 311 19 45 0
142 385 481 27 37 0
143 75 445 25 24 0
144 75 490 40 15 0
145 423 438 45 13 0
146 157 84 48 33 0
147 40 248 30 42 0
148 246 489 18 20 0
149 46 224 47 22 0
15 240 352 34 15 0
150 85 422 31 23 0
151 291 323 18 42 0
152 311 479 16 19 0
153 80 87 41 30 0
154 182 523 17 22 0
155 400 0 25 14 0
156 103 539 28 16 0
157 21 325 25 20 0
158 121 266 13 23 0
159 418 233 44 32 0
16 263 514 42 45 0
160 172 475 27 16 0
161 511 356 47 46 0
162 339 338 31 18 0
163 131 534 33 22 0
164 66 117 41 36 0
165 190 134 21 17 0
166 211 117 34 36 0
167 28 187 36 37 0
168 70 248 24 41 0
169 532 172 24 39 0
17 363 93 41 37 0
170 140 154 29 45 0
171 315 0 40 22 0
172 75 532 13 27 0
173 105 344 32 25 0
174 331 446 43 16 0
175 456 314 16 15 0
176 410 395 33 38 0
177 135 47 41 37 0
178 93 231 19 17 0
179 443 515 46 34 0
18 489 515 43 44 0
180 370 376 40 19 0
181 185 251 28 30 0
182 0 154 24 45 0
183 244 40 33 39 0
184 308 277 46 25 0
185 397 130 27 34 0
186 24 154 31 33 0
187 0 389 38 36 0
188 150 117 40 37 0
189 40 409 12 44 0
19 395 236 23 36 0
190 511 437 37 27 0
191 0 442 34 16 0
192 45 0 29 48 0
193 443 137 33 17 0
194 213 251 13 28 0
195 199 474 33 13 0
196 443 154 41 41 0
197 47 453 28 37 0
198 310 129 48 19 0
199 171 196 31 36 0
2 489 359 22 26 0
20 264 482 17 13 0
200 312 86 37 43 0
201 519 143 26 29 0
202 71 344 34 39 0
203 241 461 15 28 0
204 301 244 41 33 0
205 157 473 15 21 0
206 511 402 42 35 0
207 121 238 33 28 0
208 29 532 27 20 0
209 248 86 45 36 0
21 0 297 44 28 0
210 516 83 13 24 0
211 157 494 12 16 0
212 110 369 21 42 0
213 33 490 32 14 0
214 294 403 27 17 0
215 302 442 29 21 0
216 462 454 42 19 0
217 180 284 48 20 0
218 504 143 15 43 0
219 93 213 28 18 0
22 174 304 35 29 0
220 340 356 30 37 0
221 484 314 13 45 0
222 327 479 25 34 0
223 291 469 19 22 0
224 471 494 45 21 0
225 176 45 47 38 0
226 244 306 39 16 0
227 411 164 13 32 0
228 274 402 20 21 0
229 230 213 24 48 0
23 167 408 40 17 0
230 360 288 30 33 0
231 247 509 16 30 0
232 433 305 23 42 0
233 204 513 16 13 0
234 247 284 33 18 0
235 305 514 22 46 0
236 130 479 27 39 0
237 283 302 40 21 0
238 94 248 27 39 0
239 531 253 22 40 0
24 164 536 18 24 0
240 0 120 23 19 0
241 215 487 13 24 0
242 55 154 40 22 0
243 414 196 34 37 0
244 34 453 13 37 0
245 436 113 36 24 0
246 226 261 44 23 0
247 445 48 36 39 0
248 107 117 43 31 0
249 46 314 35 27 0
25 310 148 43 29 0
250 154 238 31 34 0
251 23 120 43 34 0
252 43 504 19 28 0
253 88 532 15 13 0
254 409 352 13 24 0
255 63 383 47 39 0
256 0 325 21 13 0
257 52 422 33 17 0
258 0 86 44 34 0
259 235 519 12 26 0
26 284 442 18 27 0
260 171 363 12 19 0
261 468 409 12 45 0
262 280 177 48 27 0
263 116 0 46 47 0
264 340 395 45 23 0
265 95 153 15 45 0
266 400 45 45 48 0
267 208 396 39 34 0
268 489 385 22 25 0
269 208 153 37 18 0
27 242 173 38 40 0
270 268 336 23 15 0
271 44 290 42 24 0
272 64 176 24 35 0
273 247 322 21 30 0
274 471 473 33 21 0
275 0 199 28 22 0
276 62 518 31 14 0
277 424 113 12 47 0
278 169 494 13 42 0
279 128 199 43 39 0
28 86 309 24 12 0
280 278 213 22 31 0
281 228 489 18 30 0
282 110 148 30 44 0
283 410 433 13 15 0
284 253 367 21 30 0
285 65 505 33 13 0
286 448 195 41 36 0
287 198 363 42 21 0
288 374 418 36 28 0
289 0 458 33 37 0
29 342 244 29 30 0
290 131 518 27 16 0
291 489 202 43 28 0
292 371 236 24 39 0
293 293 86 19 43 0
294 121 462 26 17 0
295 354 275 43 13 0
296 435 451 27 16 0
297 412 500 31 38 0
298 300 208 40 33 0
299 480 410 13 13 0
3 274 381 45 21 0
30 407 451 28 20 0
31 121 85 36 32 0
32 228 284 19 22 0
33 355 47 45 46 0
34 0 529 29 12 0
35 303 0 12 26 0
36 173 333 27 30 0
37 412 471 12 29 0
38 103 520 21 19 0
39 340 538 12 13 0
4 258 0 45 40 0
40 264 495 47 19 0
41 424 160 19 36 0
42 134 272 46 25 0
43 319 364 21 39 0
44 352 527 24 27 0
45 147 449 25 24 0
46 81 321 19 13 0
47 421 265 42 40 0
48 340 418 34 28 0
49 254 213 24 48 0
5 199 487 16 26 0
50 56 532 19 14 0
51 536 41 14 16 0
52 147 412 18 37 0
53 229 430 12 36 0
54 340 210 30 34 0
55 328 177 26 31 0
56 245 122 31 46 0
57 469 0 47 48 0
58 327 513 25 25 0
59 88 47 47 38 0
6 172 437 27 38 0
60 100 328 39 16 0
61 129 297 45 31 0
62 463 278 46 36 0
63 277 40 36 46 0
64 220 519 15 33 0
65 268 323 23 13 0
66 313 40 42 45 0
67 349 93 14 33 0
68 532 464 28 45 0
69 435 473 36 27 0
7 209 306 35 29 0
70 274 365 45 16 0
71 137 350 34 32 0
72 489 127 15 32 0
73 207 384 46 12 0
74 422 352 34 43 0
75 404 93 37 20 0
76 358 130 39 36 0
77 315 22 40 18 0
78 310 463 42 16 0
79 0 272 40 25 0
8 468 373 21 36 0
80 370 356 36 15 0
81 182 491 15 32 0
82 397 272 24 39 0
83 516 0 37 41 0
84 208 171 34 38 0
85 205 83 43 34 0
86 44 48 44 39 0
87 162 0 48 45 0
88 354 166 29 44 0
89 516 41 20 42 0
9 370 211 44 25 0
90 0 224 46 24 0
91 443 395 21 43 0
92 355 0 45 47 0
93 200 335 20 24 0
94 270 261 31 19 0
95 0 345 37 44 0
96 352 481 33 46 0
97 88 198 40 15 0
98 256 469 35 13 0
99 0 425 40 17 0
